#
# There is insufficient memory for the Java Runtime Environment to continue.
# Native memory allocation (malloc) failed to allocate 896576 bytes for Chunk::new
# Possible reasons:
#   The system is out of physical RAM or swap space
#   The process is running with CompressedOops enabled, and the Java Heap may be blocking the growth of the native heap
# Possible solutions:
#   Reduce memory load on the system
#   Increase physical memory or swap space
#   Check if swap backing store is full
#   Decrease Java heap size (-Xmx/-Xms)
#   Decrease number of Java threads
#   Decrease Java thread stack sizes (-Xss)
#   Set larger code cache with -XX:ReservedCodeCacheSize=
#   JVM is running with Unscaled Compressed Oops mode in which the Java heap is
#     placed in the first 4GB address space. The Java Heap base address is the
#     maximum limit for the native heap growth. Please use -XX:HeapBaseMinAddress
#     to set the Java Heap base and to place the Java Heap above 4GB virtual address.
# This output file may be truncated or incomplete.
#
#  Out of Memory Error (arena.cpp:189), pid=1780, tid=18504
#
# JRE version: Java(TM) SE Runtime Environment (17.0.12+8) (build 17.0.12+8-LTS-286)
# Java VM: Java HotSpot(TM) 64-Bit Server VM (17.0.12+8-LTS-286, mixed mode, sharing, tiered, compressed oops, compressed class ptrs, g1 gc, windows-amd64)
# No core dump will be written. Minidumps are not enabled by default on client versions of Windows
#

---------------  S U M M A R Y ------------

Command Line: -Dclassworlds.conf=C:\Program Files\Apache\Maven\apache-maven-3.9.9\bin\m2.conf -Dmaven.home=C:\Program Files\Apache\Maven\apache-maven-3.9.9 -Dlibrary.jansi.path=C:\Program Files\Apache\Maven\apache-maven-3.9.9\lib\jansi-native -Dmaven.multiModuleProjectDirectory=C:\Users\univers\OneDrive\Documents\gestionstock org.codehaus.plexus.classworlds.launcher.Launcher spring-boot:run

Host: Intel(R) Core(TM) i5-1035G1 CPU @ 1.00GHz, 8 cores, 3G,  Windows 10 , 64 bit Build 19041 (10.0.19041.5915)
Time: Sun Jun 22 13:46:32 2025 Maroc (heure d64 bit Build 19041 (10.0.19041.5915) elapsed time: 2.171395 seconds (0d 0h 0m 2s)

---------------  T H R E A D  ---------------

Current thread (0x00000214e0359e50):  JavaThread "C2 CompilerThread0" daemon [_thread_in_native, id=18504, stack(0x0000006e90900000,0x0000006e90a00000)]


Current CompileTask:
C2:   2171 1781   !   4       java.net.URL::<init> (543 bytes)

Stack: [0x0000006e90900000,0x0000006e90a00000]
Native frames: (J=compiled Java code, j=interpreted, Vv=VM code, C=native code)
V  [jvm.dll+0x67a04a]
V  [jvm.dll+0x7da4ed]
V  [jvm.dll+0x7dbe33]
V  [jvm.dll+0x7dc4a3]
V  [jvm.dll+0x24508f]
V  [jvm.dll+0xab773]
V  [jvm.dll+0xabd3c]
V  [jvm.dll+0x2aa52f]
V  [jvm.dll+0x581eb9]
V  [jvm.dll+0x21f422]
V  [jvm.dll+0x21f81f]
V  [jvm.dll+0x218aa0]
V  [jvm.dll+0x215b65]
V  [jvm.dll+0x1a2960]
V  [jvm.dll+0x22610b]
V  [jvm.dll+0x2242ab]
V  [jvm.dll+0x79075c]
V  [jvm.dll+0x78abea]
V  [jvm.dll+0x678f35]
C  [ucrtbase.dll+0x21bb2]
C  [KERNEL32.DLL+0x17374]
C  [ntdll.dll+0x4cc91]


---------------  P R O C E S S  ---------------

Threads class SMR info:
_java_thread_list=0x00000214e089e620, length=12, elements={
0x00000214c4980410, 0x00000214e0342fb0, 0x00000214e0343a80, 0x00000214e03503b0,
0x00000214e0352d90, 0x00000214e0357770, 0x00000214e0358130, 0x00000214e0359e50,
0x00000214e035c520, 0x00000214e0369a80, 0x00000214e05c7300, 0x00000214e05ccc60
}

Java Threads: ( => current thread )
  0x00000214c4980410 JavaThread "main" [_thread_in_vm, id=8852, stack(0x0000006e8fc00000,0x0000006e8fd00000)]
  0x00000214e0342fb0 JavaThread "Reference Handler" daemon [_thread_blocked, id=13492, stack(0x0000006e90300000,0x0000006e90400000)]
  0x00000214e0343a80 JavaThread "Finalizer" daemon [_thread_blocked, id=9264, stack(0x0000006e90400000,0x0000006e90500000)]
  0x00000214e03503b0 JavaThread "Signal Dispatcher" daemon [_thread_blocked, id=11760, stack(0x0000006e90500000,0x0000006e90600000)]
  0x00000214e0352d90 JavaThread "Attach Listener" daemon [_thread_blocked, id=4092, stack(0x0000006e90600000,0x0000006e90700000)]
  0x00000214e0357770 JavaThread "Service Thread" daemon [_thread_blocked, id=18964, stack(0x0000006e90700000,0x0000006e90800000)]
  0x00000214e0358130 JavaThread "Monitor Deflation Thread" daemon [_thread_blocked, id=22516, stack(0x0000006e90800000,0x0000006e90900000)]
=>0x00000214e0359e50 JavaThread "C2 CompilerThread0" daemon [_thread_in_native, id=18504, stack(0x0000006e90900000,0x0000006e90a00000)]
  0x00000214e035c520 JavaThread "C1 CompilerThread0" daemon [_thread_blocked, id=11132, stack(0x0000006e90a00000,0x0000006e90b00000)]
  0x00000214e0369a80 JavaThread "Sweeper thread" daemon [_thread_blocked, id=6056, stack(0x0000006e90b00000,0x0000006e90c00000)]
  0x00000214e05c7300 JavaThread "Notification Thread" daemon [_thread_blocked, id=4580, stack(0x0000006e90c00000,0x0000006e90d00000)]
  0x00000214e05ccc60 JavaThread "Common-Cleaner" daemon [_thread_blocked, id=6484, stack(0x0000006e90e00000,0x0000006e90f00000)]

Other Threads:
  0x00000214c4a48b40 VMThread "VM Thread" [stack: 0x0000006e90200000,0x0000006e90300000] [id=14872]
  0x00000214c49c89f0 WatcherThread [stack: 0x0000006e90d00000,0x0000006e90e00000] [id=2688]
  0x00000214c49b91d0 GCTaskThread "GC Thread#0" [stack: 0x0000006e8fd00000,0x0000006e8fe00000] [id=9776]
  0x00000214e066d780 GCTaskThread "GC Thread#1" [stack: 0x0000006e90f00000,0x0000006e91000000] [id=10744]
  0x00000214e569c2f0 GCTaskThread "GC Thread#2" [stack: 0x0000006e91000000,0x0000006e91100000] [id=10544]
  0x00000214e56bc7d0 GCTaskThread "GC Thread#3" [stack: 0x0000006e91100000,0x0000006e91200000] [id=9688]
  0x00000214e56bd0a0 GCTaskThread "GC Thread#4" [stack: 0x0000006e91200000,0x0000006e91300000] [id=6916]
  0x00000214e56bd360 GCTaskThread "GC Thread#5" [stack: 0x0000006e91300000,0x0000006e91400000] [id=17720]
  0x00000214e56be650 GCTaskThread "GC Thread#6" [stack: 0x0000006e91400000,0x0000006e91500000] [id=21336]
  0x00000214e56d5860 GCTaskThread "GC Thread#7" [stack: 0x0000006e91500000,0x0000006e91600000] [id=16224]
  0x00000214c49c1a60 ConcurrentGCThread "G1 Main Marker" [stack: 0x0000006e8fe00000,0x0000006e8ff00000] [id=19804]
  0x00000214c49c2470 ConcurrentGCThread "G1 Conc#0" [stack: 0x0000006e8ff00000,0x0000006e90000000] [id=17260]
  0x00000214c4a16170 ConcurrentGCThread "G1 Refine#0" [stack: 0x0000006e90000000,0x0000006e90100000] [id=15632]
  0x00000214c4a16ba0 ConcurrentGCThread "G1 Service" [stack: 0x0000006e90100000,0x0000006e90200000] [id=5056]

Threads with active compile tasks:
C2 CompilerThread0     2188 1781   !   4       java.net.URL::<init> (543 bytes)

VM state: not at safepoint (normal execution)

VM Mutex/Monitor currently owned by a thread: None

Heap address: 0x00000000c3600000, size: 970 MB, Compressed Oops mode: 32-bit

CDS archive(s) mapped at: [0x0000021480000000-0x0000021480bd0000-0x0000021480bd0000), size 12386304, SharedBaseAddress: 0x0000021480000000, ArchiveRelocationMode: 1.
Compressed class space mapped at: 0x0000021481000000-0x00000214c1000000, reserved size: 1073741824
Narrow klass base: 0x0000021480000000, Narrow klass shift: 0, Narrow klass range: 0x100000000

GC Precious Log:
 CPUs: 8 total, 8 available
 Memory: 3877M
 Large Page Support: Disabled
 NUMA Support: Disabled
 Compressed Oops: Enabled (32-bit)
 Heap Region Size: 1M
 Heap Min Capacity: 8M
 Heap Initial Capacity: 62M
 Heap Max Capacity: 970M
 Pre-touch: Disabled
 Parallel Workers: 8
 Concurrent Workers: 2
 Concurrent Refinement Workers: 8
 Periodic GC: Disabled

Heap:
 garbage-first heap   total 63488K, used 13272K [0x00000000c3600000, 0x0000000100000000)
  region size 1024K, 11 young (11264K), 2 survivors (2048K)
 Metaspace       used 10777K, committed 10944K, reserved 1114112K
  class space    used 1316K, committed 1408K, reserved 1048576K

Heap Regions: E=young(eden), S=young(survivor), O=old, HS=humongous(starts), HC=humongous(continues), CS=collection set, F=free, OA=open archive, CA=closed archive, TAMS=top-at-mark-start (previous, next)
|   0|0x00000000c3600000, 0x00000000c3700000, 0x00000000c3700000|100%| O|  |TAMS 0x00000000c3600000, 0x00000000c3600000| Untracked 
|   1|0x00000000c3700000, 0x00000000c3800000, 0x00000000c3800000|100%| O|  |TAMS 0x00000000c3700000, 0x00000000c3700000| Untracked 
|   2|0x00000000c3800000, 0x00000000c3900000, 0x00000000c3900000|100%| O|  |TAMS 0x00000000c3800000, 0x00000000c3800000| Untracked 
|   3|0x00000000c3900000, 0x00000000c3974200, 0x00000000c3a00000| 45%| O|  |TAMS 0x00000000c3900000, 0x00000000c3900000| Untracked 
|   4|0x00000000c3a00000, 0x00000000c3a00000, 0x00000000c3b00000|  0%| F|  |TAMS 0x00000000c3a00000, 0x00000000c3a00000| Untracked 
|   5|0x00000000c3b00000, 0x00000000c3b00000, 0x00000000c3c00000|  0%| F|  |TAMS 0x00000000c3b00000, 0x00000000c3b00000| Untracked 
|   6|0x00000000c3c00000, 0x00000000c3c00000, 0x00000000c3d00000|  0%| F|  |TAMS 0x00000000c3c00000, 0x00000000c3c00000| Untracked 
|   7|0x00000000c3d00000, 0x00000000c3d00000, 0x00000000c3e00000|  0%| F|  |TAMS 0x00000000c3d00000, 0x00000000c3d00000| Untracked 
|   8|0x00000000c3e00000, 0x00000000c3e00000, 0x00000000c3f00000|  0%| F|  |TAMS 0x00000000c3e00000, 0x00000000c3e00000| Untracked 
|   9|0x00000000c3f00000, 0x00000000c3f00000, 0x00000000c4000000|  0%| F|  |TAMS 0x00000000c3f00000, 0x00000000c3f00000| Untracked 
|  10|0x00000000c4000000, 0x00000000c4000000, 0x00000000c4100000|  0%| F|  |TAMS 0x00000000c4000000, 0x00000000c4000000| Untracked 
|  11|0x00000000c4100000, 0x00000000c4100000, 0x00000000c4200000|  0%| F|  |TAMS 0x00000000c4100000, 0x00000000c4100000| Untracked 
|  12|0x00000000c4200000, 0x00000000c4200000, 0x00000000c4300000|  0%| F|  |TAMS 0x00000000c4200000, 0x00000000c4200000| Untracked 
|  13|0x00000000c4300000, 0x00000000c4300000, 0x00000000c4400000|  0%| F|  |TAMS 0x00000000c4300000, 0x00000000c4300000| Untracked 
|  14|0x00000000c4400000, 0x00000000c4400000, 0x00000000c4500000|  0%| F|  |TAMS 0x00000000c4400000, 0x00000000c4400000| Untracked 
|  15|0x00000000c4500000, 0x00000000c4500000, 0x00000000c4600000|  0%| F|  |TAMS 0x00000000c4500000, 0x00000000c4500000| Untracked 
|  16|0x00000000c4600000, 0x00000000c4600000, 0x00000000c4700000|  0%| F|  |TAMS 0x00000000c4600000, 0x00000000c4600000| Untracked 
|  17|0x00000000c4700000, 0x00000000c4700000, 0x00000000c4800000|  0%| F|  |TAMS 0x00000000c4700000, 0x00000000c4700000| Untracked 
|  18|0x00000000c4800000, 0x00000000c4800000, 0x00000000c4900000|  0%| F|  |TAMS 0x00000000c4800000, 0x00000000c4800000| Untracked 
|  19|0x00000000c4900000, 0x00000000c4900000, 0x00000000c4a00000|  0%| F|  |TAMS 0x00000000c4900000, 0x00000000c4900000| Untracked 
|  20|0x00000000c4a00000, 0x00000000c4a00000, 0x00000000c4b00000|  0%| F|  |TAMS 0x00000000c4a00000, 0x00000000c4a00000| Untracked 
|  21|0x00000000c4b00000, 0x00000000c4b00000, 0x00000000c4c00000|  0%| F|  |TAMS 0x00000000c4b00000, 0x00000000c4b00000| Untracked 
|  22|0x00000000c4c00000, 0x00000000c4c00000, 0x00000000c4d00000|  0%| F|  |TAMS 0x00000000c4c00000, 0x00000000c4c00000| Untracked 
|  23|0x00000000c4d00000, 0x00000000c4d00000, 0x00000000c4e00000|  0%| F|  |TAMS 0x00000000c4d00000, 0x00000000c4d00000| Untracked 
|  24|0x00000000c4e00000, 0x00000000c4e00000, 0x00000000c4f00000|  0%| F|  |TAMS 0x00000000c4e00000, 0x00000000c4e00000| Untracked 
|  25|0x00000000c4f00000, 0x00000000c4f00000, 0x00000000c5000000|  0%| F|  |TAMS 0x00000000c4f00000, 0x00000000c4f00000| Untracked 
|  26|0x00000000c5000000, 0x00000000c5000000, 0x00000000c5100000|  0%| F|  |TAMS 0x00000000c5000000, 0x00000000c5000000| Untracked 
|  27|0x00000000c5100000, 0x00000000c5100000, 0x00000000c5200000|  0%| F|  |TAMS 0x00000000c5100000, 0x00000000c5100000| Untracked 
|  28|0x00000000c5200000, 0x00000000c5200000, 0x00000000c5300000|  0%| F|  |TAMS 0x00000000c5200000, 0x00000000c5200000| Untracked 
|  29|0x00000000c5300000, 0x00000000c5300000, 0x00000000c5400000|  0%| F|  |TAMS 0x00000000c5300000, 0x00000000c5300000| Untracked 
|  30|0x00000000c5400000, 0x00000000c5400000, 0x00000000c5500000|  0%| F|  |TAMS 0x00000000c5400000, 0x00000000c5400000| Untracked 
|  31|0x00000000c5500000, 0x00000000c5581fb0, 0x00000000c5600000| 50%| S|CS|TAMS 0x00000000c5500000, 0x00000000c5500000| Complete 
|  32|0x00000000c5600000, 0x00000000c5700000, 0x00000000c5700000|100%| S|CS|TAMS 0x00000000c5600000, 0x00000000c5600000| Complete 
|  33|0x00000000c5700000, 0x00000000c5700000, 0x00000000c5800000|  0%| F|  |TAMS 0x00000000c5700000, 0x00000000c5700000| Untracked 
|  34|0x00000000c5800000, 0x00000000c5800000, 0x00000000c5900000|  0%| F|  |TAMS 0x00000000c5800000, 0x00000000c5800000| Untracked 
|  35|0x00000000c5900000, 0x00000000c5900000, 0x00000000c5a00000|  0%| F|  |TAMS 0x00000000c5900000, 0x00000000c5900000| Untracked 
|  36|0x00000000c5a00000, 0x00000000c5a00000, 0x00000000c5b00000|  0%| F|  |TAMS 0x00000000c5a00000, 0x00000000c5a00000| Untracked 
|  37|0x00000000c5b00000, 0x00000000c5b00000, 0x00000000c5c00000|  0%| F|  |TAMS 0x00000000c5b00000, 0x00000000c5b00000| Untracked 
|  38|0x00000000c5c00000, 0x00000000c5c00000, 0x00000000c5d00000|  0%| F|  |TAMS 0x00000000c5c00000, 0x00000000c5c00000| Untracked 
|  39|0x00000000c5d00000, 0x00000000c5d00000, 0x00000000c5e00000|  0%| F|  |TAMS 0x00000000c5d00000, 0x00000000c5d00000| Untracked 
|  40|0x00000000c5e00000, 0x00000000c5e00000, 0x00000000c5f00000|  0%| F|  |TAMS 0x00000000c5e00000, 0x00000000c5e00000| Untracked 
|  41|0x00000000c5f00000, 0x00000000c5f00000, 0x00000000c6000000|  0%| F|  |TAMS 0x00000000c5f00000, 0x00000000c5f00000| Untracked 
|  42|0x00000000c6000000, 0x00000000c6000000, 0x00000000c6100000|  0%| F|  |TAMS 0x00000000c6000000, 0x00000000c6000000| Untracked 
|  43|0x00000000c6100000, 0x00000000c6100000, 0x00000000c6200000|  0%| F|  |TAMS 0x00000000c6100000, 0x00000000c6100000| Untracked 
|  44|0x00000000c6200000, 0x00000000c6200000, 0x00000000c6300000|  0%| F|  |TAMS 0x00000000c6200000, 0x00000000c6200000| Untracked 
|  45|0x00000000c6300000, 0x00000000c6300000, 0x00000000c6400000|  0%| F|  |TAMS 0x00000000c6300000, 0x00000000c6300000| Untracked 
|  46|0x00000000c6400000, 0x00000000c6400000, 0x00000000c6500000|  0%| F|  |TAMS 0x00000000c6400000, 0x00000000c6400000| Untracked 
|  47|0x00000000c6500000, 0x00000000c6500000, 0x00000000c6600000|  0%| F|  |TAMS 0x00000000c6500000, 0x00000000c6500000| Untracked 
|  48|0x00000000c6600000, 0x00000000c6600000, 0x00000000c6700000|  0%| F|  |TAMS 0x00000000c6600000, 0x00000000c6600000| Untracked 
|  49|0x00000000c6700000, 0x00000000c6700000, 0x00000000c6800000|  0%| F|  |TAMS 0x00000000c6700000, 0x00000000c6700000| Untracked 
|  50|0x00000000c6800000, 0x00000000c6800000, 0x00000000c6900000|  0%| F|  |TAMS 0x00000000c6800000, 0x00000000c6800000| Untracked 
|  51|0x00000000c6900000, 0x00000000c6900000, 0x00000000c6a00000|  0%| F|  |TAMS 0x00000000c6900000, 0x00000000c6900000| Untracked 
|  52|0x00000000c6a00000, 0x00000000c6a00000, 0x00000000c6b00000|  0%| F|  |TAMS 0x00000000c6a00000, 0x00000000c6a00000| Untracked 
|  53|0x00000000c6b00000, 0x00000000c6b844e0, 0x00000000c6c00000| 51%| E|  |TAMS 0x00000000c6b00000, 0x00000000c6b00000| Complete 
|  54|0x00000000c6c00000, 0x00000000c6d00000, 0x00000000c6d00000|100%| E|CS|TAMS 0x00000000c6c00000, 0x00000000c6c00000| Complete 
|  55|0x00000000c6d00000, 0x00000000c6e00000, 0x00000000c6e00000|100%| E|CS|TAMS 0x00000000c6d00000, 0x00000000c6d00000| Complete 
|  56|0x00000000c6e00000, 0x00000000c6f00000, 0x00000000c6f00000|100%| E|CS|TAMS 0x00000000c6e00000, 0x00000000c6e00000| Complete 
|  57|0x00000000c6f00000, 0x00000000c7000000, 0x00000000c7000000|100%| E|CS|TAMS 0x00000000c6f00000, 0x00000000c6f00000| Complete 
|  58|0x00000000c7000000, 0x00000000c7100000, 0x00000000c7100000|100%| E|CS|TAMS 0x00000000c7000000, 0x00000000c7000000| Complete 
|  59|0x00000000c7100000, 0x00000000c7200000, 0x00000000c7200000|100%| E|CS|TAMS 0x00000000c7100000, 0x00000000c7100000| Complete 
|  60|0x00000000c7200000, 0x00000000c7300000, 0x00000000c7300000|100%| E|CS|TAMS 0x00000000c7200000, 0x00000000c7200000| Complete 
|  61|0x00000000c7300000, 0x00000000c7400000, 0x00000000c7400000|100%| E|CS|TAMS 0x00000000c7300000, 0x00000000c7300000| Complete 

Card table byte_map: [0x00000214db760000,0x00000214db950000] _byte_map_base: 0x00000214db145000

Marking Bits (Prev, Next): (CMBitMap*) 0x00000214c49b97f0, (CMBitMap*) 0x00000214c49b9830
 Prev Bits: [0x00000214dbb40000, 0x00000214dca68000)
 Next Bits: [0x00000214dca70000, 0x00000214dd998000)

Polling page: 0x00000214c2970000

Metaspace:

Usage:
  Non-class:      9.25 MB used.
      Class:      1.29 MB used.
       Both:     10.54 MB used.

Virtual space:
  Non-class space:       64.00 MB reserved,       9.31 MB ( 15%) committed,  1 nodes.
      Class space:        1.00 GB reserved,       1.38 MB ( <1%) committed,  1 nodes.
             Both:        1.06 GB reserved,      10.69 MB ( <1%) committed. 

Chunk freelists:
   Non-Class:  5.19 MB
       Class:  14.66 MB
        Both:  19.85 MB

MaxMetaspaceSize: unlimited
CompressedClassSpaceSize: 1.00 GB
Initial GC threshold: 21.00 MB
Current GC threshold: 21.00 MB
CDS: on
MetaspaceReclaimPolicy: balanced
 - commit_granule_bytes: 65536.
 - commit_granule_words: 8192.
 - virtual_space_node_default_size: 8388608.
 - enlarge_chunks_in_place: 1.
 - new_chunks_are_fully_committed: 0.
 - uncommit_free_chunks: 1.
 - use_allocation_guard: 0.
 - handle_deallocations: 1.


Internal statistics:

num_allocs_failed_limit: 0.
num_arena_births: 68.
num_arena_deaths: 0.
num_vsnodes_births: 2.
num_vsnodes_deaths: 0.
num_space_committed: 171.
num_space_uncommitted: 0.
num_chunks_returned_to_freelist: 0.
num_chunks_taken_from_freelist: 443.
num_chunk_merges: 0.
num_chunk_splits: 301.
num_chunks_enlarged: 241.
num_inconsistent_stats: 0.

CodeHeap 'non-profiled nmethods': size=120000Kb used=656Kb max_used=656Kb free=119343Kb
 bounds [0x00000214d3d10000, 0x00000214d3f80000, 0x00000214db240000]
CodeHeap 'profiled nmethods': size=120000Kb used=3698Kb max_used=3698Kb free=116301Kb
 bounds [0x00000214cc240000, 0x00000214cc5e0000, 0x00000214d3770000]
CodeHeap 'non-nmethods': size=5760Kb used=1174Kb max_used=1194Kb free=4585Kb
 bounds [0x00000214d3770000, 0x00000214d39e0000, 0x00000214d3d10000]
 total_blobs=2285 nmethods=1836 adapters=361
 compilation: enabled
              stopped_count=0, restarted_count=0
 full_count=0

Compilation events (20 events):
Event: 2.134 Thread 0x00000214e035c520 1820       3       java.lang.invoke.TypeConvertingMethodAdapter::descriptorToName (36 bytes)
Event: 2.135 Thread 0x00000214e035c520 nmethod 1820 0x00000214cc5d1310 code [0x00000214cc5d15a0, 0x00000214cc5d2208]
Event: 2.139 Thread 0x00000214e035c520 1821       3       java.lang.invoke.MethodType$ConcurrentWeakInternSet$WeakEntry::<init> (15 bytes)
Event: 2.139 Thread 0x00000214e035c520 nmethod 1821 0x00000214cc5d2690 code [0x00000214cc5d2860, 0x00000214cc5d2c68]
Event: 2.139 Thread 0x00000214e035c520 1822       3       java.util.ImmutableCollections$Set12::contains (28 bytes)
Event: 2.140 Thread 0x00000214e035c520 nmethod 1822 0x00000214cc5d2d90 code [0x00000214cc5d2f40, 0x00000214cc5d3298]
Event: 2.151 Thread 0x00000214e035c520 1824       3       java.lang.invoke.MethodTypeForm::canonicalize (59 bytes)
Event: 2.151 Thread 0x00000214e035c520 nmethod 1824 0x00000214cc5d3390 code [0x00000214cc5d3560, 0x00000214cc5d3868]
Event: 2.151 Thread 0x00000214e035c520 1825       3       java.lang.invoke.MethodType$ConcurrentWeakInternSet::add (66 bytes)
Event: 2.152 Thread 0x00000214e035c520 nmethod 1825 0x00000214cc5d3990 code [0x00000214cc5d3c00, 0x00000214cc5d49e8]
Event: 2.152 Thread 0x00000214e035c520 1827       3       sun.invoke.util.BytecodeDescriptor::unparse (24 bytes)
Event: 2.153 Thread 0x00000214e035c520 nmethod 1827 0x00000214cc5d4e90 code [0x00000214cc5d5040, 0x00000214cc5d5248]
Event: 2.153 Thread 0x00000214e035c520 1828       3       java.lang.invoke.MethodType::basicType (8 bytes)
Event: 2.153 Thread 0x00000214e035c520 nmethod 1828 0x00000214cc5d5310 code [0x00000214cc5d54a0, 0x00000214cc5d55d8]
Event: 2.161 Thread 0x00000214e035c520 1829       3       java.util.WeakHashMap::put (160 bytes)
Event: 2.163 Thread 0x00000214e035c520 nmethod 1829 0x00000214cc5d5690 code [0x00000214cc5d5920, 0x00000214cc5d6968]
Event: 2.163 Thread 0x00000214e035c520 1830       2       java.util.WeakHashMap::getTable (9 bytes)
Event: 2.164 Thread 0x00000214e035c520 nmethod 1830 0x00000214cc5d6e90 code [0x00000214cc5d7020, 0x00000214cc5d7148]
Event: 2.165 Thread 0x00000214e035c520 1831       3       java.util.concurrent.ConcurrentHashMap::get (162 bytes)
Event: 2.166 Thread 0x00000214e035c520 nmethod 1831 0x00000214cc5d7210 code [0x00000214cc5d7460, 0x00000214cc5d7f48]

GC Heap History (4 events):
Event: 0.918 GC heap before
{Heap before GC invocations=0 (full 0):
 garbage-first heap   total 63488K, used 22528K [0x00000000c3600000, 0x0000000100000000)
  region size 1024K, 23 young (23552K), 0 survivors (0K)
 Metaspace       used 5467K, committed 5696K, reserved 1114112K
  class space    used 660K, committed 768K, reserved 1048576K
}
Event: 0.929 GC heap after
{Heap after GC invocations=1 (full 0):
 garbage-first heap   total 63488K, used 3688K [0x00000000c3600000, 0x0000000100000000)
  region size 1024K, 3 young (3072K), 3 survivors (3072K)
 Metaspace       used 5467K, committed 5696K, reserved 1114112K
  class space    used 660K, committed 768K, reserved 1048576K
}
Event: 1.826 GC heap before
{Heap before GC invocations=1 (full 0):
 garbage-first heap   total 63488K, used 30312K [0x00000000c3600000, 0x0000000100000000)
  region size 1024K, 29 young (29696K), 3 survivors (3072K)
 Metaspace       used 9047K, committed 9152K, reserved 1114112K
  class space    used 1095K, committed 1152K, reserved 1048576K
}
Event: 1.836 GC heap after
{Heap after GC invocations=2 (full 0):
 garbage-first heap   total 63488K, used 5080K [0x00000000c3600000, 0x0000000100000000)
  region size 1024K, 2 young (2048K), 2 survivors (2048K)
 Metaspace       used 9047K, committed 9152K, reserved 1114112K
  class space    used 1095K, committed 1152K, reserved 1048576K
}

Deoptimization events (20 events):
Event: 1.925 Thread 0x00000214c4980410 Uncommon trap: trap_request=0xffffffc6 fr.pc=0x00000214d3d84704 relative=0x0000000000000424
Event: 1.925 Thread 0x00000214c4980410 Uncommon trap: reason=bimorphic_or_optimized_type_check action=maybe_recompile pc=0x00000214d3d84704 method=java.util.HashMap.getNode(Ljava/lang/Object;)Ljava/util/HashMap$Node; @ 63 c2
Event: 1.925 Thread 0x00000214c4980410 DEOPT PACKING pc=0x00000214d3d84704 sp=0x0000006e8fcfdb10
Event: 1.925 Thread 0x00000214c4980410 DEOPT UNPACKING pc=0x00000214d37c5ba3 sp=0x0000006e8fcfda88 mode 2
Event: 1.926 Thread 0x00000214c4980410 Uncommon trap: trap_request=0xffffffc6 fr.pc=0x00000214d3d84704 relative=0x0000000000000424
Event: 1.926 Thread 0x00000214c4980410 Uncommon trap: reason=bimorphic_or_optimized_type_check action=maybe_recompile pc=0x00000214d3d84704 method=java.util.HashMap.getNode(Ljava/lang/Object;)Ljava/util/HashMap$Node; @ 63 c2
Event: 1.926 Thread 0x00000214c4980410 DEOPT PACKING pc=0x00000214d3d84704 sp=0x0000006e8fcfdb10
Event: 1.926 Thread 0x00000214c4980410 DEOPT UNPACKING pc=0x00000214d37c5ba3 sp=0x0000006e8fcfda88 mode 2
Event: 1.935 Thread 0x00000214c4980410 Uncommon trap: trap_request=0xffffffc6 fr.pc=0x00000214d3dae7c0 relative=0x0000000000000280
Event: 1.935 Thread 0x00000214c4980410 Uncommon trap: reason=bimorphic_or_optimized_type_check action=maybe_recompile pc=0x00000214d3dae7c0 method=java.util.HashMap.getNode(Ljava/lang/Object;)Ljava/util/HashMap$Node; @ 128 c2
Event: 1.935 Thread 0x00000214c4980410 DEOPT PACKING pc=0x00000214d3dae7c0 sp=0x0000006e8fcfd940
Event: 1.935 Thread 0x00000214c4980410 DEOPT UNPACKING pc=0x00000214d37c5ba3 sp=0x0000006e8fcfd8a8 mode 2
Event: 1.935 Thread 0x00000214c4980410 Uncommon trap: trap_request=0xffffffc6 fr.pc=0x00000214d3dae7c0 relative=0x0000000000000280
Event: 1.935 Thread 0x00000214c4980410 Uncommon trap: reason=bimorphic_or_optimized_type_check action=maybe_recompile pc=0x00000214d3dae7c0 method=java.util.HashMap.getNode(Ljava/lang/Object;)Ljava/util/HashMap$Node; @ 128 c2
Event: 1.935 Thread 0x00000214c4980410 DEOPT PACKING pc=0x00000214d3dae7c0 sp=0x0000006e8fcfd940
Event: 1.935 Thread 0x00000214c4980410 DEOPT UNPACKING pc=0x00000214d37c5ba3 sp=0x0000006e8fcfd8a8 mode 2
Event: 2.146 Thread 0x00000214c4980410 Uncommon trap: trap_request=0xffffff45 fr.pc=0x00000214d3d46458 relative=0x00000000000001b8
Event: 2.146 Thread 0x00000214c4980410 Uncommon trap: reason=unstable_if action=reinterpret pc=0x00000214d3d46458 method=java.util.concurrent.ConcurrentHashMap.get(Ljava/lang/Object;)Ljava/lang/Object; @ 152 c2
Event: 2.146 Thread 0x00000214c4980410 DEOPT PACKING pc=0x00000214d3d46458 sp=0x0000006e8fcfab60
Event: 2.146 Thread 0x00000214c4980410 DEOPT UNPACKING pc=0x00000214d37c5ba3 sp=0x0000006e8fcfaad8 mode 2

Classes unloaded (0 events):
No events

Classes redefined (0 events):
No events

Internal exceptions (20 events):
Event: 0.237 Thread 0x00000214c4980410 Exception <a 'java/lang/NullPointerException'{0x00000000c6f737b0}> (0x00000000c6f737b0) 
thrown [s\open\src\hotspot\share\interpreter\linkResolver.cpp, line 1350]
Event: 0.237 Thread 0x00000214c4980410 Exception <a 'java/lang/NullPointerException'{0x00000000c6f73a88}> (0x00000000c6f73a88) 
thrown [s\open\src\hotspot\share\interpreter\linkResolver.cpp, line 1350]
Event: 0.239 Thread 0x00000214c4980410 Exception <a 'java/lang/NullPointerException'{0x00000000c6ff0018}> (0x00000000c6ff0018) 
thrown [s\open\src\hotspot\share\interpreter\linkResolver.cpp, line 1350]
Event: 0.241 Thread 0x00000214c4980410 Exception <a 'java/lang/NullPointerException'{0x00000000c6e06168}> (0x00000000c6e06168) 
thrown [s\open\src\hotspot\share\interpreter\linkResolver.cpp, line 1350]
Event: 0.241 Thread 0x00000214c4980410 Exception <a 'java/lang/NullPointerException'{0x00000000c6e06440}> (0x00000000c6e06440) 
thrown [s\open\src\hotspot\share\interpreter\linkResolver.cpp, line 1350]
Event: 0.241 Thread 0x00000214c4980410 Exception <a 'java/lang/NullPointerException'{0x00000000c6e06718}> (0x00000000c6e06718) 
thrown [s\open\src\hotspot\share\interpreter\linkResolver.cpp, line 1350]
Event: 0.241 Thread 0x00000214c4980410 Exception <a 'java/lang/NullPointerException'{0x00000000c6e069f0}> (0x00000000c6e069f0) 
thrown [s\open\src\hotspot\share\interpreter\linkResolver.cpp, line 1350]
Event: 0.266 Thread 0x00000214c4980410 Exception <a 'java/lang/NoSuchMethodError'{0x00000000c6e87478}: 'void java.lang.invoke.DirectMethodHandle$Holder.invokeStatic(java.lang.Object, java.lang.Object)'> (0x00000000c6e87478) 
thrown [s\open\src\hotspot\share\interpreter\linkResolver.cpp, line 759]
Event: 0.266 Thread 0x00000214c4980410 Exception <a 'java/lang/NoSuchMethodError'{0x00000000c6e8ad90}: 'void java.lang.invoke.DirectMethodHandle$Holder.invokeStaticInit(java.lang.Object, java.lang.Object)'> (0x00000000c6e8ad90) 
thrown [s\open\src\hotspot\share\interpreter\linkResolver.cpp, line 759]
Event: 0.276 Thread 0x00000214c4980410 Exception <a 'java/lang/NoSuchMethodError'{0x00000000c6ec8e28}: 'void java.lang.invoke.DirectMethodHandle$Holder.invokeStatic(java.lang.Object, java.lang.Object, java.lang.Object)'> (0x00000000c6ec8e28) 
thrown [s\open\src\hotspot\share\interpreter\linkResolver.cpp, line 759]
Event: 0.338 Thread 0x00000214c4980410 Exception <a 'java/lang/NoSuchMethodError'{0x00000000c6c57698}: 'java.lang.Object java.lang.invoke.DirectMethodHandle$Holder.invokeSpecialIFC(java.lang.Object, java.lang.Object, java.lang.Object, java.lang.Object)'> (0x00000000c6c57698) 
thrown [s\open\src\hotspot\share\interpreter\linkResolver.cpp, line 759]
Event: 0.555 Thread 0x00000214c4980410 Exception <a 'java/lang/NoSuchMethodError'{0x00000000c6633a10}: 'void java.lang.invoke.DirectMethodHandle$Holder.invokeSpecial(java.lang.Object, java.lang.Object, java.lang.Object)'> (0x00000000c6633a10) 
thrown [s\open\src\hotspot\share\interpreter\linkResolver.cpp, line 759]
Event: 0.601 Thread 0x00000214c4980410 Exception <a 'java/lang/NoSuchMethodError'{0x00000000c6592dd8}: 'java.lang.Object java.lang.invoke.DirectMethodHandle$Holder.invokeInterface(java.lang.Object, java.lang.Object)'> (0x00000000c6592dd8) 
thrown [s\open\src\hotspot\share\interpreter\linkResolver.cpp, line 759]
Event: 0.621 Thread 0x00000214c4980410 Exception <a 'java/lang/NoSuchMethodError'{0x00000000c643dab0}: 'java.lang.Object java.lang.invoke.Invokers$Holder.invokeExact_MT(java.lang.Object, java.lang.Object, java.lang.Object, java.lang.Object, java.lang.Object, java.lang.Object)'> (0x00000000c643dab0) 
thrown [s\open\src\hotspot\share\interpreter\linkResolver.cpp, line 759]
Event: 0.624 Thread 0x00000214c4980410 Exception <a 'java/lang/NoSuchMethodError'{0x00000000c644ef10}: 'int java.lang.invoke.DirectMethodHandle$Holder.invokeSpecialIFC(java.lang.Object, java.lang.Object, java.lang.Object, java.lang.Object, java.lang.Object)'> (0x00000000c644ef10) 
thrown [s\open\src\hotspot\share\interpreter\linkResolver.cpp, line 759]
Event: 0.703 Thread 0x00000214c4980410 Exception <a 'java/lang/NoSuchMethodError'{0x00000000c63f2b20}: 'java.lang.Object java.lang.invoke.DirectMethodHandle$Holder.newInvokeSpecial(java.lang.Object, java.lang.Object, java.lang.Object, java.lang.Object, java.lang.Object)'> (0x00000000c63f2b20) 
thrown [s\open\src\hotspot\share\interpreter\linkResolver.cpp, line 759]
Event: 0.755 Thread 0x00000214c4980410 Exception <a 'java/lang/NoSuchMethodError'{0x00000000c62f9040}: 'int java.lang.invoke.DirectMethodHandle$Holder.invokeStaticInit(java.lang.Object, java.lang.Object)'> (0x00000000c62f9040) 
thrown [s\open\src\hotspot\share\interpreter\linkResolver.cpp, line 759]
Event: 0.774 Thread 0x00000214c4980410 Exception <a 'java/lang/NoClassDefFoundError'{0x00000000c6131a28}: javax/enterprise/inject/Typed> (0x00000000c6131a28) 
thrown [s\open\src\hotspot\share\classfile\systemDictionary.cpp, line 245]
Event: 2.131 Thread 0x00000214c4980410 Exception <a 'java/lang/NoSuchMethodError'{0x00000000c6c07248}: 'void java.lang.invoke.DirectMethodHandle$Holder.invokeStaticInit(java.lang.Object, java.lang.Object, java.lang.Object)'> (0x00000000c6c07248) 
thrown [s\open\src\hotspot\share\interpreter\linkResolver.cpp, line 759]
Event: 2.142 Thread 0x00000214c4980410 Exception <a 'java/lang/ExceptionInInitializerError'{0x00000000c6c32868}> (0x00000000c6c32868) 
thrown [s\open\src\hotspot\share\oops\instanceKlass.cpp, line 1216]

VM Operations (20 events):
Event: 0.069 Executing VM operation: HandshakeAllThreads
Event: 0.069 Executing VM operation: HandshakeAllThreads done
Event: 0.219 Executing VM operation: HandshakeAllThreads
Event: 0.219 Executing VM operation: HandshakeAllThreads done
Event: 0.233 Executing VM operation: HandshakeAllThreads
Event: 0.233 Executing VM operation: HandshakeAllThreads done
Event: 0.355 Executing VM operation: HandshakeAllThreads
Event: 0.355 Executing VM operation: HandshakeAllThreads done
Event: 0.916 Executing VM operation: G1CollectForAllocation
Event: 0.930 Executing VM operation: G1CollectForAllocation done
Event: 1.574 Executing VM operation: HandshakeAllThreads
Event: 1.574 Executing VM operation: HandshakeAllThreads done
Event: 1.733 Executing VM operation: ICBufferFull
Event: 1.733 Executing VM operation: ICBufferFull done
Event: 1.826 Executing VM operation: G1CollectForAllocation
Event: 1.836 Executing VM operation: G1CollectForAllocation done
Event: 1.840 Executing VM operation: HandshakeAllThreads
Event: 1.840 Executing VM operation: HandshakeAllThreads done
Event: 2.151 Executing VM operation: HandshakeAllThreads
Event: 2.151 Executing VM operation: HandshakeAllThreads done

Events (20 events):
Event: 1.912 loading class java/util/concurrent/CompletionService
Event: 1.913 loading class java/util/concurrent/CompletionService done
Event: 1.964 loading class sun/reflect/generics/repository/FieldRepository
Event: 1.965 loading class sun/reflect/generics/repository/FieldRepository done
Event: 1.983 loading class java/io/UncheckedIOException
Event: 1.983 loading class java/io/UncheckedIOException done
Event: 1.995 loading class java/util/concurrent/atomic/AtomicBoolean
Event: 1.995 loading class java/util/concurrent/atomic/AtomicBoolean done
Event: 2.000 loading class java/nio/channels/OverlappingFileLockException
Event: 2.000 loading class java/nio/channels/OverlappingFileLockException done
Event: 2.001 loading class java/nio/channels/FileLock
Event: 2.001 loading class java/nio/channels/FileLock done
Event: 2.045 loading class java/nio/file/AccessDeniedException
Event: 2.045 loading class java/nio/file/FileSystemException
Event: 2.046 loading class java/nio/file/FileSystemException done
Event: 2.046 loading class java/nio/file/AccessDeniedException done
Event: 2.137 loading class java/lang/ExceptionInInitializerError
Event: 2.138 loading class java/lang/ExceptionInInitializerError done
Event: 2.145 loading class jdk/internal/vm/annotation/ForceInline
Event: 2.145 loading class jdk/internal/vm/annotation/ForceInline done


Dynamic libraries:
0x00007ff69db10000 - 0x00007ff69db20000 	C:\Program Files\Java\jdk-17\bin\java.exe
0x00007ffa8d550000 - 0x00007ffa8d748000 	C:\Windows\SYSTEM32\ntdll.dll
0x00007ffa8cfd0000 - 0x00007ffa8d092000 	C:\Windows\System32\KERNEL32.DLL
0x00007ffa8adc0000 - 0x00007ffa8b0b6000 	C:\Windows\System32\KERNELBASE.dll
0x00007ffa8b220000 - 0x00007ffa8b320000 	C:\Windows\System32\ucrtbase.dll
0x00007ffa6d220000 - 0x00007ffa6d239000 	C:\Program Files\Java\jdk-17\bin\jli.dll
0x00007ffa70ba0000 - 0x00007ffa70bbb000 	C:\Program Files\Java\jdk-17\bin\VCRUNTIME140.dll
0x00007ffa8bd50000 - 0x00007ffa8be01000 	C:\Windows\System32\ADVAPI32.dll
0x00007ffa8b5f0000 - 0x00007ffa8b68e000 	C:\Windows\System32\msvcrt.dll
0x00007ffa8caf0000 - 0x00007ffa8cb8f000 	C:\Windows\System32\sechost.dll
0x00007ffa8c220000 - 0x00007ffa8c343000 	C:\Windows\System32\RPCRT4.dll
0x00007ffa8abe0000 - 0x00007ffa8ac07000 	C:\Windows\System32\bcrypt.dll
0x00007ffa8bf70000 - 0x00007ffa8c10d000 	C:\Windows\System32\USER32.dll
0x00007ffa6f420000 - 0x00007ffa6f6ba000 	C:\Windows\WinSxS\amd64_microsoft.windows.common-controls_6595b64144ccf1df_6.0.19041.5915_none_60b4b9d171f9c7c7\COMCTL32.dll
0x00007ffa8b0c0000 - 0x00007ffa8b0e2000 	C:\Windows\System32\win32u.dll
0x00007ffa8b9c0000 - 0x00007ffa8b9eb000 	C:\Windows\System32\GDI32.dll
0x00007ffa8b320000 - 0x00007ffa8b439000 	C:\Windows\System32\gdi32full.dll
0x00007ffa8b180000 - 0x00007ffa8b21d000 	C:\Windows\System32\msvcp_win.dll
0x00007ffa85510000 - 0x00007ffa8551a000 	C:\Windows\SYSTEM32\VERSION.dll
0x00007ffa8c350000 - 0x00007ffa8c37f000 	C:\Windows\System32\IMM32.DLL
0x00007ffa871c0000 - 0x00007ffa871cc000 	C:\Program Files\Java\jdk-17\bin\vcruntime140_1.dll
0x00007ffa62280000 - 0x00007ffa6230e000 	C:\Program Files\Java\jdk-17\bin\msvcp140.dll
0x00007ffa3c7d0000 - 0x00007ffa3d3b0000 	C:\Program Files\Java\jdk-17\bin\server\jvm.dll
0x00007ffa8cfc0000 - 0x00007ffa8cfc8000 	C:\Windows\System32\PSAPI.DLL
0x00007ffa78d10000 - 0x00007ffa78d37000 	C:\Windows\SYSTEM32\WINMM.dll
0x00007ffa83fb0000 - 0x00007ffa83fb9000 	C:\Windows\SYSTEM32\WSOCK32.dll
0x00007ffa8be30000 - 0x00007ffa8be9b000 	C:\Windows\System32\WS2_32.dll
0x00007ffa893c0000 - 0x00007ffa893d2000 	C:\Windows\SYSTEM32\kernel.appcore.dll
0x00007ffa83900000 - 0x00007ffa8390a000 	C:\Program Files\Java\jdk-17\bin\jimage.dll
0x00007ffa82880000 - 0x00007ffa82a81000 	C:\Windows\SYSTEM32\DBGHELP.DLL
0x00007ffa82600000 - 0x00007ffa82634000 	C:\Windows\SYSTEM32\dbgcore.DLL
0x00007ffa8b0f0000 - 0x00007ffa8b172000 	C:\Windows\System32\bcryptPrimitives.dll
0x00007ffa62250000 - 0x00007ffa62275000 	C:\Program Files\Java\jdk-17\bin\java.dll
0x00007ffa4fcb0000 - 0x00007ffa4fd87000 	C:\Program Files\Java\jdk-17\bin\jsvml.dll
0x00007ffa8c380000 - 0x00007ffa8caee000 	C:\Windows\System32\SHELL32.dll
0x00007ffa88c00000 - 0x00007ffa893a4000 	C:\Windows\SYSTEM32\windows.storage.dll
0x00007ffa8b9f0000 - 0x00007ffa8bd43000 	C:\Windows\System32\combase.dll
0x00007ffa8a460000 - 0x00007ffa8a48b000 	C:\Windows\SYSTEM32\Wldp.dll
0x00007ffa8bea0000 - 0x00007ffa8bf6d000 	C:\Windows\System32\OLEAUT32.dll
0x00007ffa8c110000 - 0x00007ffa8c1bd000 	C:\Windows\System32\SHCORE.dll
0x00007ffa8c1c0000 - 0x00007ffa8c21b000 	C:\Windows\System32\shlwapi.dll
0x00007ffa8ab10000 - 0x00007ffa8ab35000 	C:\Windows\SYSTEM32\profapi.dll
0x00007ffa69d10000 - 0x00007ffa69d29000 	C:\Program Files\Java\jdk-17\bin\net.dll
0x00007ffa84070000 - 0x00007ffa8417a000 	C:\Windows\SYSTEM32\WINHTTP.dll
0x00007ffa8a240000 - 0x00007ffa8a2aa000 	C:\Windows\system32\mswsock.dll
0x00007ffa62230000 - 0x00007ffa62246000 	C:\Program Files\Java\jdk-17\bin\nio.dll
0x00007ffa61800000 - 0x00007ffa61818000 	C:\Program Files\Java\jdk-17\bin\zip.dll
0x00007ffa617d0000 - 0x00007ffa617f4000 	C:\Program Files\Apache\Maven\apache-maven-3.9.9\lib\jansi-native\Windows\x86_64\jansi.dll
0x00007ffa838c0000 - 0x00007ffa838d0000 	C:\Program Files\Java\jdk-17\bin\verify.dll

dbghelp: loaded successfully - version: 4.0.5 - missing functions: none
symbol engine: initialized successfully - sym options: 0x614 - pdb path: .;C:\Program Files\Java\jdk-17\bin;C:\Windows\SYSTEM32;C:\Windows\WinSxS\amd64_microsoft.windows.common-controls_6595b64144ccf1df_6.0.19041.5915_none_60b4b9d171f9c7c7;C:\Program Files\Java\jdk-17\bin\server;C:\Program Files\Apache\Maven\apache-maven-3.9.9\lib\jansi-native\Windows\x86_64

VM Arguments:
jvm_args: -Dclassworlds.conf=C:\Program Files\Apache\Maven\apache-maven-3.9.9\bin\m2.conf -Dmaven.home=C:\Program Files\Apache\Maven\apache-maven-3.9.9 -Dlibrary.jansi.path=C:\Program Files\Apache\Maven\apache-maven-3.9.9\lib\jansi-native -Dmaven.multiModuleProjectDirectory=C:\Users\univers\OneDrive\Documents\gestionstock 
java_command: org.codehaus.plexus.classworlds.launcher.Launcher spring-boot:run
java_class_path (initial): C:\Program Files\Apache\Maven\apache-maven-3.9.9\boot\plexus-classworlds-2.8.0.jar
Launcher Type: SUN_STANDARD

[Global flags]
     intx CICompilerCount                          = 4                                         {product} {ergonomic}
     uint ConcGCThreads                            = 2                                         {product} {ergonomic}
     uint G1ConcRefinementThreads                  = 8                                         {product} {ergonomic}
   size_t G1HeapRegionSize                         = 1048576                                   {product} {ergonomic}
    uintx GCDrainStackTargetSize                   = 64                                        {product} {ergonomic}
   size_t InitialHeapSize                          = 65011712                                  {product} {ergonomic}
   size_t MarkStackSize                            = 4194304                                   {product} {ergonomic}
   size_t MaxHeapSize                              = 1017118720                                {product} {ergonomic}
   size_t MaxNewSize                               = 610271232                                 {product} {ergonomic}
   size_t MinHeapDeltaBytes                        = 1048576                                   {product} {ergonomic}
   size_t MinHeapSize                              = 8388608                                   {product} {ergonomic}
    uintx NonNMethodCodeHeapSize                   = 5839372                                {pd product} {ergonomic}
    uintx NonProfiledCodeHeapSize                  = 122909434                              {pd product} {ergonomic}
    uintx ProfiledCodeHeapSize                     = 122909434                              {pd product} {ergonomic}
    uintx ReservedCodeCacheSize                    = 251658240                              {pd product} {ergonomic}
     bool SegmentedCodeCache                       = true                                      {product} {ergonomic}
   size_t SoftMaxHeapSize                          = 1017118720                             {manageable} {ergonomic}
     bool UseCompressedClassPointers               = true                           {product lp64_product} {ergonomic}
     bool UseCompressedOops                        = true                           {product lp64_product} {ergonomic}
     bool UseG1GC                                  = true                                      {product} {ergonomic}
     bool UseLargePagesIndividualAllocation        = false                                  {pd product} {ergonomic}

Logging:
Log output configuration:
 #0: stdout all=warning uptime,level,tags
 #1: stderr all=off uptime,level,tags

Environment Variables:
JAVA_HOME=C:\Program Files\Java\jdk-17
PATH=C:\Users\univers\bin;C:\Program Files (x86)\Git\mingw32\bin;C:\Program Files (x86)\Git\usr\local\bin;C:\Program Files (x86)\Git\usr\bin;C:\Program Files (x86)\Git\usr\bin;C:\Program Files (x86)\Git\mingw32\bin;C:\Program Files (x86)\Git\usr\bin;C:\Users\univers\bin;C:\Program Files\Common Files\Oracle\Java\javapath;C:\app\univers\product\21c\cfgtoollogs\dbca\dbhomeXE\bin;C:\Program Files\Java\jdk-17\bin;C:\Program Files (x86)\Microsoft SQL Server\160\Tools\Binn;C:\Program Files\Microsoft SQL Server\160\Tools\Binn;C:\Program Files\Microsoft SQL Server\Client SDK\ODBC\170\Tools\Binn;C:\Program Files\Microsoft SQL Server\160\DTS\Binn;C:\Program Files (x86)\Microsoft SQL Server\160\DTS\Binn;C:\Program Files\Microsoft SQL Server\150\Tools\Binn;C:\Program Files\dotnet;C:\Program Files\Microsoft SQL Server\130\DTS\Binn;C:\Program Files\Microsoft SQL Server\140\DTS\Binn;C:\Program Files\Microsoft SQL Server\150\DTS\Binn;C:\Users\univers\AppData\Local\Programs\Python\Python312;C:\xampp\php;C:\Program Files\Terraform;C:\Program Files (x86)\Pulumi;C:\Program Files\Amazon\AWSCLIV2;C:\ProgramData\ComposerSetup\bin;C:\Program Files\Docker\Docker\resources\bin;C:\xampp\mysql\bin;C:\Program Files\Kubernetes\Minikube;C:\Users\univers\AppData\Local\Programs\Python\Python313\Scripts;C:\Users\univers\AppData\Local\Programs\Python\Launcher;C:\Users\univers\AppData\Local\Microsoft\WindowsApps;C:\Users\univers\AppData\Local\Programs\Microsoft VS Code\bin;C:\Users\univers\AppData\Roaming\Composer\vendor\bin;C:\Users\univers\.dotnet\tools;C:\Program Files\Apache\Maven\apache-maven-3.9.9\bin;C:\Program Files\Java\jdk-17\bin;C:\Program Files (x86)\Git\usr\bin\vendor_perl;C:\Program Files (x86)\Git\usr\bin\core_perl
USERNAME=univers
SHELL=C:\Program Files (x86)\Git\usr\bin\bash.exe
DISPLAY=needs-to-be-defined
LANG=en_US.UTF-8
LC_CTYPE=fr_FR.UTF-8
OS=Windows_NT
PROCESSOR_IDENTIFIER=Intel64 Family 6 Model 126 Stepping 5, GenuineIntel



---------------  S Y S T E M  ---------------

OS:
 Windows 10 , 64 bit Build 19041 (10.0.19041.5915)
OS uptime: 10 days 12:30 hours
Hyper-V role detected

CPU: total 8 (initial active 8) (4 cores per cpu, 2 threads per core) family 6 model 126 stepping 5 microcode 0xa6, cx8, cmov, fxsr, ht, mmx, 3dnowpref, sse, sse2, sse3, ssse3, sse4.1, sse4.2, popcnt, lzcnt, tsc, tscinvbit, avx, avx2, aes, erms, clmul, bmi1, bmi2, adx, avx512f, avx512dq, avx512cd, avx512bw, avx512vl, sha, fma, vzeroupper, avx512_vpopcntdq, avx512_vpclmulqdq, avx512_vaes, avx512_vnni, clflush, clflushopt, avx512_vbmi2, avx512_vbmi, hv

Memory: 4k page, system-wide physical 3877M (283M free)
TotalPageFile size 15653M (AvailPageFile size 5M)
current process WorkingSet (physical memory assigned to process): 98M, peak: 98M
current process commit charge ("private bytes"): 168M, peak: 169M

vm_info: Java HotSpot(TM) 64-Bit Server VM (17.0.12+8-LTS-286) for windows-amd64 JRE (17.0.12+8-LTS-286), built on Jun  5 2024 06:46:59 by "mach5one" with MS VC++ 17.6 (VS2022)

END.
